#
#model:
#
#<?xml version="1.0" encoding="UTF-8" standalone="no"?><input id="posterior" spec="beast.core.util.CompoundDistribution">
#    <distribution id="prior" spec="beast.core.util.CompoundDistribution">
#        <distribution id="YuleModel.t:alignment_twin_evidence" spec="beast.evolution.speciation.YuleModel">
#            <parameter id="birthRate.t:alignment_twin_evidence" name="birthDiffRate" spec="beast.core.parameter.RealParameter">1.0</parameter>
#            <tree id="Tree.t:alignment_twin_evidence" spec="beast.evolution.tree.Tree">
#                <taxonset id="TaxonSet.alignment_twin_evidence" spec="beast.evolution.alignment.TaxonSet">
#                </taxonset>
#            </tree>
#        </distribution>
#        <prior id="YuleBirthRatePrior.t:alignment_twin_evidence" name="distribution" x="@birthRate.t:alignment_twin_evidence">
#            <Uniform id="Uniform.100" name="distr" upper="Infinity"/>
#        </prior>
#        <prior id="kappa1Prior.s:alignment_twin_evidence" name="distribution">
#            <parameter id="kappa1.s:alignment_twin_evidence" lower="0.0" name="x" spec="beast.core.parameter.RealParameter">2.0</parameter>
#            <LogNormal id="LogNormalDistributionModel.0" name="distr">
#                <parameter estimate="false" id="RealParameter.0" name="M" spec="beast.core.parameter.RealParameter">1.0</parameter>
#                <parameter estimate="false" id="RealParameter.1" lower="0.0" name="S" spec="beast.core.parameter.RealParameter" upper="Infinity">1.25</parameter>
#            </LogNormal>
#        </prior>
#        <prior id="kappa2Prior.s:alignment_twin_evidence" name="distribution">
#            <parameter id="kappa2.s:alignment_twin_evidence" lower="0.0" name="x" spec="beast.core.parameter.RealParameter">2.0</parameter>
#            <LogNormal id="LogNormalDistributionModel.1" name="distr">
#                <parameter estimate="false" id="RealParameter.2" name="M" spec="beast.core.parameter.RealParameter">1.0</parameter>
#                <parameter estimate="false" id="RealParameter.3" lower="0.0" name="S" spec="beast.core.parameter.RealParameter" upper="Infinity">1.25</parameter>
#            </LogNormal>
#        </prior>
#    </distribution>
#    <distribution id="likelihood" spec="beast.core.util.CompoundDistribution" useThreads="true">
#        <distribution data="@alignment_twin_evidence" id="treeLikelihood.alignment_twin_evidence" spec="beast.evolution.likelihood.ThreadedTreeLikelihood" tree="@Tree.t:alignment_twin_evidence">
#            <siteModel id="SiteModel.s:alignment_twin_evidence" spec="beast.evolution.sitemodel.SiteModel">
#                <parameter estimate="false" id="mutationRate.s:alignment_twin_evidence" name="mutationRate" spec="beast.core.parameter.RealParameter">1.0</parameter>
#                <parameter estimate="false" id="gammaShape.s:alignment_twin_evidence" name="shape" spec="beast.core.parameter.RealParameter">1.0</parameter>
#                <parameter estimate="false" id="proportionInvariant.s:alignment_twin_evidence" lower="0.0" name="proportionInvariant" spec="beast.core.parameter.RealParameter" upper="1.0">0.0</parameter>
#                <substModel id="tn93.s:alignment_twin_evidence" kappa1="@kappa1.s:alignment_twin_evidence" kappa2="@kappa2.s:alignment_twin_evidence" spec="beast.evolution.substitutionmodel.TN93">
#                    <frequencies id="estimatedFreqs.s:alignment_twin_evidence" spec="beast.evolution.substitutionmodel.Frequencies">
#                        <parameter dimension="4" id="freqParameter.s:alignment_twin_evidence" lower="0.0" name="frequencies" spec="beast.core.parameter.RealParameter" upper="1.0">0.25</parameter>
#                    </frequencies>
#                </substModel>
#            </siteModel>
#            <branchRateModel id="StrictClock.c:alignment_twin_evidence" spec="beast.evolution.branchratemodel.StrictClockModel">
#                <parameter estimate="false" id="clockRate.c:alignment_twin_evidence" name="clock.rate" spec="beast.core.parameter.RealParameter">1.0</parameter>
#            </branchRateModel>
#        </distribution>
#    </distribution>
#</input>
#
Sample	NSlikelihood	posterior	likelihood	prior	treeLikelihood	TreeHeight	kappa1	kappa2	freqParameter.1	freqParameter.2	freqParameter.3	freqParameter.4	YuleModel	birthRate
0	-16455.0046800362	-16451.117666207843	-16455.0046800362	3.887013828356194	-16455.0046800362	0.07675983053033192	6.443939718552268	5.150065501749657	0.22777067720354752	0.2683144811927814	0.2660182390840143	0.23789660251965686	10.04239759146011	28.103933064483563
1	-13657.648454498236	-13652.297766388729	-13657.648454498236	5.350688109506877	-13657.648454498236	0.06038919591032985	1.7393438206497296	3.3696890816512513	0.23574110667854087	0.25303657092466675	0.2800957556967621	0.23112656670003023	9.481741648483368	16.677390221807656
2	-13414.81296544327	-13412.024510314443	-13414.81296544327	2.788455128828417	-13414.81296544327	0.09318698677638179	0.8372109594614959	3.6338981533082366	0.22342773400658975	0.24661010817703993	0.2914874478463228	0.2384747099700474	6.656031910378304	27.127186731154143
3	-11509.288699349961	-11516.736316912233	-11509.288699349961	-7.447617562271951	-11509.288699349961	0.8823414108033365	1.4875521935005165	6.880294878206086	0.21692193171308022	0.24661010817703993	0.2914874478463228	0.24498051226355694	-2.4453840663185265	1.3263332897273825
4	-10047.23730750084	-10060.724043250559	-10047.23730750084	-13.486735749718035	-10047.23730750084	2.009817125809234	5.890990683820918	9.384115527559496	0.2116463737552256	0.25818292371183055	0.294507391481416	0.2356633110515277	-6.507456460381793	0.6524004803307025
5	-9276.815193801714	-9292.780518724745	-9276.815193801714	-15.965324923029868	-9276.815193801714	2.843105455428868	8.650496220906309	7.5922549763814535	0.21014094381164874	0.2588268009348885	0.28750841066358573	0.2435238445898769	-8.729993135751076	0.4382790448672512
6	-9102.971641086318	-9114.742511306964	-9102.971641086318	-11.770870220645095	-9102.971641086318	1.2322617609147772	12.587797770019316	3.845440655686248	0.22320356428343205	0.2401925370294808	0.29069157669598195	0.2459123219911051	-4.816822326396466	0.9909379704952596
7	-8377.752426701809	-8410.311375249456	-8377.752426701809	-32.55894854764622	-8377.752426701809	31.34028258280202	37.622249883293634	2.399857046902583	0.20867589332070782	0.24219932292135987	0.3041969405544982	0.244927843203434	-23.557449449102876	0.05681388519401458
8	-8367.193554419804	-8396.960577716858	-8367.193554419804	-29.76702329705452	-8367.193554419804	34.05290307536642	37.622249883293634	2.839677825233882	0.2270745232019231	0.2355264035836662	0.2988229404427405	0.23857613277167009	-20.601599248174537	0.04507477917934429
9	-8333.310736086602	-8363.734168462828	-8333.310736086602	-30.423432376227407	-8333.310736086602	32.463929998618966	23.576464404362127	3.3459862253906616	0.24824978122110886	0.24035897630469039	0.2783041765183143	0.23308706595588632	-22.2641088715307	0.030394478668159905
10	-8316.587955486795	-8350.482159248708	-8316.587955486795	-33.89420376191269	-8316.587955486795	111.5385040889053	20.851224189373216	5.90678321077565	0.2519066233799641	0.2472585786772205	0.2600059342017649	0.24082886374105028	-25.275442756804352	0.02271533172895801
11	-8311.90763622287	-8332.595224244324	-8311.90763622287	-20.687588021453738	-8311.90763622287	6.986651729361192	5.730955662448674	4.385285881423038	0.2518331468655059	0.2494736824493774	0.26531025844704903	0.2333829122380674	-14.928064949989189	0.3405387632110124
12	-8307.088851899276	-8320.615313355456	-8307.088851899276	-13.526461456181018	-8307.088851899276	2.0501179614986658	3.443927097455143	4.167263381329854	0.25753140138806974	0.26338472499492743	0.2695118666865362	0.2095720069304664	-8.502093738926778	0.765419440516021
13	-8297.970441326766	-8308.481974901597	-8297.970441326766	-10.511533574829755	-8297.970441326766	1.5510112832154848	0.8528091105202376	2.4590050501315366	0.2597118729846175	0.2531880243078009	0.2889350167304182	0.19816508597716317	-7.053603765434833	0.8245113105757812
14	-8297.701555605947	-8310.481078757173	-8297.701555605947	-12.77952315122598	-8297.701555605947	2.2193646448866504	0.985712037221796	4.727472583421788	0.2549782356815356	0.2646454742657103	0.27928161162499404	0.20109467842775988	-8.5290855410198	0.5748890536836151
15	-8283.027314161405	-8293.965458690709	-8283.027314161405	-10.938144529304422	-8283.027314161405	1.396995704193824	1.246993884912004	3.167548979864385	0.26732158109123527	0.2620170062168255	0.2756452731193709	0.19501613957256814	-7.078478843295823	1.3069753643986097
16	-8265.717557609354	-8273.769784209588	-8265.717557609354	-8.052226600233624	-8265.717557609354	1.070299005980639	0.7943355754169868	1.2088472105717452	0.26462633335724844	0.2620170062168255	0.2749975718329909	0.198359088592935	-5.114195702855302	0.8380041278131563
17	-8253.538362147383	-8263.36905332458	-8253.538362147383	-9.830691177198648	-8253.538362147383	1.1876469943176016	0.9699354951643062	1.1785136802782181	0.2529880815942042	0.24677848835884866	0.2903919762248536	0.20984145382209346	-6.849453217071896	0.40258064558846823
18	-8253.375340848734	-8264.323895650283	-8253.375340848734	-10.948554801548323	-8253.375340848734	1.376431625461771	0.6894247167496677	2.1286099632094695	0.2521704044924861	0.25047017949675987	0.2870299487086853	0.2103294673020686	-7.659411613383484	1.333929849551319
19	-8251.900170237617	-8260.131950898007	-8251.900170237617	-8.23178066039019	-8251.900170237617	1.0218449328769863	1.1225804772414778	0.8664631887719098	0.24110625326067994	0.2529444666038853	0.2890083915309765	0.2169408886044581	-5.3067375823181315	0.7782422661805579
20	-8240.877912727243	-8250.252648602192	-8240.877912727243	-9.374735874949758	-8240.877912727243	1.3001496227424925	1.1621121983006373	1.6118003357933997	0.24898932695139286	0.2455673820258047	0.28381588116446455	0.2216274098583378	-6.144499259224896	1.0525601865486744
21	-8239.448665085934	-8248.885728464733	-8239.448665085934	-9.437063378799275	-8239.448665085934	1.3140623994063099	1.262002941191464	1.7212368137891962	0.2528649618680778	0.24215424853131867	0.27633301208846334	0.22864777751214008	-6.121937206846653	0.8719812001519766
22	-8238.184733723665	-8247.788811321738	-8238.184733723665	-9.604077598072333	-8238.184733723665	1.029374778199385	0.826534348508314	1.7494391503421718	0.24517452624158786	0.24393987605427495	0.27699108041043746	0.23389451729369962	-6.435437968043301	1.732573345107726
23	-8231.524172415002	-8240.362432473608	-8231.524172415002	-8.838260058606668	-8231.524172415002	1.0510169519377184	1.4948972060944727	1.530001614495274	0.22980865426137725	0.2513244784356919	0.277475641032723	0.24139122627020773	-5.506657249440407	0.7916645651757638
24	-8227.846670240098	-8236.079476210525	-8227.846670240098	-8.232805970425987	-8227.846670240098	1.0547533317043443	0.8307123984825705	1.2104764094559424	0.22348948247017847	0.2719667575198618	0.26757424618626846	0.23696951382369116	-5.28396300146588	0.8752924435387232
25	-8214.500698874122	-8223.106157886117	-8214.500698874122	-8.605459011994578	-8214.500698874122	0.9942185770812544	1.0570299935468341	1.3853121340204033	0.23508070634628034	0.26815907273351225	0.25979070709651614	0.23696951382369116	-5.5090178163614905	1.1275188511457148
26	-8213.214273102207	-8221.949092892533	-8213.214273102207	-8.73481979032613	-8213.214273102207	1.0000957256536005	1.1028776485891003	1.3853121340204033	0.23785214757397724	0.27369440628936653	0.254699809602212	0.2337536365344441	-5.621009022214762	1.1458141474212775
27	-8210.56517007259	-8220.618733562682	-8210.56517007259	-10.053563490091182	-8210.56517007259	1.0897333045279172	1.2973406496077085	1.595504584530063	0.23785214757397724	0.2658285972482292	0.25108427976210557	0.2452349754156878	-6.775966970233185	1.4744841781050633
28	-8204.499977568963	-8213.120860658446	-8204.499977568963	-8.62088308948284	-8204.499977568963	1.0587877973845048	0.8755625479091703	1.3320996351595293	0.24393992262550382	0.2465875180131642	0.2509078595216303	0.2585646998397015	-5.609362196344683	0.9062842983965845
29	-8203.80037552361	-8213.877734946107	-8203.80037552361	-10.077359422497878	-8203.80037552361	1.064201707883434	0.8755625479091703	1.15157193681436	0.2460814685606135	0.2465875180131642	0.2487663135865206	0.2585646998397015	-7.138204656161166	0.3627078070398338
30	-8203.520787170259	-8212.49661725789	-8203.520787170259	-8.975830087631556	-8203.520787170259	1.089632878766799	0.8755625479091703	0.9294471724247165	0.24733785310757903	0.24817101652462498	0.2487663135865206	0.2557248167812752	-6.118481335890367	0.5669435539441812
31	-8202.551457452553	-8211.526228863846	-8202.551457452553	-8.974771411292343	-8202.551457452553	1.090765913165249	0.8755625479091703	1.2654846562422029	0.25347542788748273	0.25919329463190827	0.23983280904770257	0.24749846843290615	-5.990291772389655	1.236934634760768
32	-8201.761667910527	-8210.32805445937	-8201.761667910527	-8.56638654884407	-8201.761667910527	1.0599207875675427	1.11518105971976	1.1636626714393796	0.25347542788748273	0.2529957685196948	0.2428841203238212	0.25064468326900097	-5.5372553954898	0.8034277791629492
33	-8201.615167171998	-8211.25186663994	-8201.615167171998	-9.636699467941373	-8201.615167171998	1.0155682690173113	1.1682316909964265	1.1636626714393796	0.24569478863854247	0.2529957685196948	0.2428841203238212	0.25842532251794126	-6.586903794637469	1.689333078145068
34	-8201.164760264624	-8210.127968717381	-8201.164760264624	-8.963208452757367	-8201.164760264624	1.0376582076455907	0.9576340064999362	1.1636626714393796	0.24569478863854247	0.2529957685196948	0.2428841203238212	0.25842532251794126	-5.992111013371826	0.5772586480276177
35	-8201.095695332842	-8209.727196616288	-8201.095695332842	-8.631501283445663	-8201.095695332842	1.0308861992063554	1.115565772621	1.1636626714393796	0.24569478863854247	0.25457389513306783	0.2413059937104482	0.25842532251794126	-5.6022218561512505	1.0388841446239547
36	-8201.09480468226	-8209.776446104133	-8201.09480468226	-8.681641421873131	-8201.09480468226	1.0660990630244902	0.9257722110490263	1.172490153337491	0.24209387276835506	0.2531317909234349	0.2494526165853521	0.25532171972285767	-5.717949577323369	0.7279652250425105
37	-8201.084574474955	-8209.758280420387	-8201.084574474955	-8.673705945432022	-8201.084574474955	1.0517861454156499	0.9226848371549217	1.172490153337491	0.2517784127620274	0.25375722345812535	0.240074529371872	0.25438983440797497	-5.711048215645142	1.087149201500398
38	-8200.689344751074	-8210.28611159867	-8200.689344751074	-9.59676684759637	-8200.689344751074	1.064106551478719	1.089844374793602	1.1980206389225179	0.24702741598848277	0.26169132011342383	0.240074529371872	0.2512067345262211	-6.563774595259636	1.5169598053102429
39	-8200.64489857579	-8209.403548739274	-8200.64489857579	-8.758650163482354	-8200.64489857579	1.034681976142246	1.089844374793602	1.1980206389225179	0.24702741598848277	0.260537669247055	0.240074529371872	0.2523603853925899	-5.72565791114562	1.123265144485832
40	-8200.557155851437	-8210.539463183066	-8200.557155851437	-9.982307331629517	-8200.557155851437	1.0249439148349293	1.089844374793602	1.3255695521956945	0.24702741598848277	0.2574292625632266	0.24351579467865625	0.252027526769634	-6.897919543055311	1.7295439243132005
41	-8200.533365706347	-8211.313085019614	-8200.533365706347	-10.779719313266037	-8200.533365706347	1.0817989202660885	1.089844374793602	1.3255695521956945	0.24979995299107605	0.25465672556063335	0.24351579467865625	0.252027526769634	-7.695331524691831	1.9014931886394402
42	-8200.474885142956	-8209.29360639265	-8200.474885142956	-8.818721249694994	-8200.474885142956	1.0089088250282223	1.089844374793602	1.3255695521956945	0.24840779098932844	0.2535313499401987	0.24351579467865625	0.25454506439181623	-5.734333461120787	1.2683473146967357
43	-8200.427317641746	-8209.135478972668	-8200.427317641746	-8.708161330921868	-8200.427317641746	1.0504396259639328	1.089844374793602	1.3255695521956945	0.24840779098932844	0.2535313499401987	0.24351579467865625	0.25454506439181623	-5.623773542347663	0.8825443774720294
44	-8200.346329620043	-8209.557287690413	-8200.346329620043	-9.210958070370534	-8200.346329620043	1.019315523883615	1.0766815230905125	1.3255695521956945	0.24840779098932844	0.25641729817387127	0.2494606270339494	0.24571428380285054	-6.131566564716697	0.5342417483331723
45	-8200.241495306875	-8209.040546828375	-8200.241495306875	-8.799051521500653	-8200.241495306875	1.040862391086406	1.0323238825800551	1.3255695521956945	0.24840779098932844	0.2578565093089447	0.2449227051750289	0.24881299452669764	-5.736228607527267	0.675843355858987
46	-8200.082808683472	-8208.684270287691	-8200.082808683472	-8.601461604218535	-8200.082808683472	1.031429737510896	1.0323238825800551	1.3046263795805502	0.24840779098932844	0.2578565093089447	0.24798615712792615	0.24574954257380038	-5.547163346531635	0.889922554940161
47	-8200.055579554773	-8209.29638754462	-8200.055579554773	-9.240807989845994	-8200.055579554773	1.0168752853159866	1.102852103013568	1.3046263795805502	0.25005137556638657	0.25621292473188656	0.24798615712792615	0.24574954257380038	-6.159975206028995	1.433417438184168
48	-8200.03637721629	-8208.648338468998	-8200.03637721629	-8.611961252709822	-8200.03637721629	1.0284314459263522	1.0656089090682423	1.3046263795805502	0.25005137556638657	0.25621292473188656	0.24798615712792615	0.24574954257380038	-5.545270427194614	0.9561812525712676
49	-8200.030082508933	-8208.999122425714	-8200.030082508933	-8.9690399167809	-8200.030082508933	1.0285138131849807	1.080758734668123	1.3046263795805502	0.24979776613958518	0.2502187802719923	0.24798615712792615	0.25199729646049607	-5.896629087088877	1.285741362490035
50	-8200.007766245639	-8208.701658013708	-8200.007766245639	-8.693891768068333	-8200.007766245639	1.0451327669936301	1.0926683085466085	1.3046263795805502	0.24979776613958518	0.25517615839982255	0.24521578116807136	0.24981029429252052	-5.616952401312618	0.9702322801640172
51	-8199.969063878725	-8208.546380547112	-8199.969063878725	-8.577316668386302	-8199.969063878725	1.021310280469846	1.0731117014556464	1.3046263795805502	0.2468725819534743	0.2570612440230988	0.24521578116807136	0.25085039285535515	-5.507798920139465	0.8383313702847816
52	-8199.931874116664	-8208.523804463159	-8199.931874116664	-8.59193034649506	-8199.931874116664	1.0200783187630238	1.0731117014556464	1.3046263795805502	0.2468725819534743	0.2570612440230988	0.24521578116807136	0.25085039285535515	-5.522412598248222	0.8747098570677354
53	-8199.910694937773	-8208.646125343774	-8199.910694937773	-8.735430406000862	-8199.910694937773	1.0307509039724614	1.0731117014556464	1.3046263795805502	0.2482762350766836	0.2570612440230988	0.24381212804486208	0.25085039285535515	-5.665912657754025	0.7160447302289659
54	-8199.903299196874	-8208.772965975095	-8199.903299196874	-8.869666778220092	-8199.903299196874	1.0531933074919135	1.0731117014556464	1.2664739437124948	0.248784621768492	0.2570612440230988	0.24600917434522904	0.24814495986317978	-5.815603124966614	0.6504322119868358
55	-8199.75353282483	-8208.426668357708	-8199.75353282483	-8.673135532876689	-8199.75353282483	1.0256191675592756	1.0731117014556464	1.242172172320625	0.248784621768492	0.25333595932582886	0.24600917434522904	0.2518702445604497	-5.6288560975633555	1.1498542278875916
56	-8199.68677161369	-8208.324141057503	-8199.68677161369	-8.63736944381299	-8199.68677161369	1.0244822229751505	1.0731117014556464	1.242172172320625	0.248784621768492	0.25333595932582886	0.24600917434522904	0.2518702445604497	-5.593090008499655	0.7477175245299711
57	-8199.671346504216	-8208.429686364703	-8199.671346504216	-8.758339860487471	-8199.671346504216	1.0313440506525613	1.0731117014556464	1.242172172320625	0.248784621768492	0.2545593922343617	0.24600917434522904	0.2506468116519169	-5.714060425174137	0.6835570448853667
